16:35:42.294767 openat(AT_FDCWD, "/etc/ld.so.cache", O_RDONLY|O_CLOEXEC) = 3
16:35:42.295404 openat(AT_FDCWD, "/lib/x86_64-linux-gnu/libc.so.6", O_RDONLY|O_CLOEXEC) = 3
16:35:42.298156 openat(AT_FDCWD, "/lib/x86_64-linux-gnu/libpthread.so.0", O_RDONLY|O_CLOEXEC) = 3
16:35:42.300111 openat(AT_FDCWD, "/lib/x86_64-linux-gnu/libdl.so.2", O_RDONLY|O_CLOEXEC) = 3
16:35:42.301382 openat(AT_FDCWD, "/lib/x86_64-linux-gnu/libutil.so.1", O_RDONLY|O_CLOEXEC) = 3
16:35:42.302659 openat(AT_FDCWD, "/lib/x86_64-linux-gnu/libm.so.6", O_RDONLY|O_CLOEXEC) = 3
16:35:42.304072 openat(AT_FDCWD, "/lib/x86_64-linux-gnu/libexpat.so.1", O_RDONLY|O_CLOEXEC) = 3
16:35:42.305566 openat(AT_FDCWD, "/lib/x86_64-linux-gnu/libz.so.1", O_RDONLY|O_CLOEXEC) = 3
16:35:42.310954 openat(AT_FDCWD, "/usr/lib/locale/locale-archive", O_RDONLY|O_CLOEXEC) = 3
16:35:42.311748 openat(AT_FDCWD, "/usr/lib/x86_64-linux-gnu/gconv/gconv-modules.cache", O_RDONLY) = 3
16:35:42.313194 openat(AT_FDCWD, "/usr/bin/pyvenv.cfg", O_RDONLY) = -1 ENOENT (No such file or directory)
16:35:42.313433 openat(AT_FDCWD, "/usr/pyvenv.cfg", O_RDONLY) = -1 ENOENT (No such file or directory)
16:35:42.320888 openat(AT_FDCWD, "/etc/localtime", O_RDONLY|O_CLOEXEC) = 3
16:35:42.324612 openat(AT_FDCWD, "/usr/lib/python3.8", O_RDONLY|O_NONBLOCK|O_CLOEXEC|O_DIRECTORY) = 3
16:35:42.331315 openat(AT_FDCWD, "/usr/lib/python3.8/encodings/__pycache__/__init__.cpython-38.pyc", O_RDONLY|O_CLOEXEC) = 3
16:35:42.333556 openat(AT_FDCWD, "/usr/lib/python3.8/__pycache__/codecs.cpython-38.pyc", O_RDONLY|O_CLOEXEC) = 3
16:35:42.335886 openat(AT_FDCWD, "/usr/lib/python3.8/encodings", O_RDONLY|O_NONBLOCK|O_CLOEXEC|O_DIRECTORY) = 3
16:35:42.337265 openat(AT_FDCWD, "/usr/lib/python3.8/encodings/__pycache__/aliases.cpython-38.pyc", O_RDONLY|O_CLOEXEC) = 3
16:35:42.339435 openat(AT_FDCWD, "/usr/lib/python3.8/encodings/__pycache__/utf_8.cpython-38.pyc", O_RDONLY|O_CLOEXEC) = 3
16:35:42.351131 openat(AT_FDCWD, "/usr/lib/python3.8/encodings/__pycache__/latin_1.cpython-38.pyc", O_RDONLY|O_CLOEXEC) = 3
16:35:42.353084 openat(AT_FDCWD, "/usr/lib/python3.8/__pycache__/io.cpython-38.pyc", O_RDONLY|O_CLOEXEC) = 3
16:35:42.354866 openat(AT_FDCWD, "/usr/lib/python3.8/__pycache__/abc.cpython-38.pyc", O_RDONLY|O_CLOEXEC) = 3
16:35:42.359635 openat(AT_FDCWD, "/usr/lib/python3.8/__pycache__/site.cpython-38.pyc", O_RDONLY|O_CLOEXEC) = 3
16:35:42.361551 openat(AT_FDCWD, "/usr/lib/python3.8/__pycache__/os.cpython-38.pyc", O_RDONLY|O_CLOEXEC) = 3
16:35:42.363824 openat(AT_FDCWD, "/usr/lib/python3.8/__pycache__/stat.cpython-38.pyc", O_RDONLY|O_CLOEXEC) = 3
16:35:42.366076 openat(AT_FDCWD, "/usr/lib/python3.8/__pycache__/_collections_abc.cpython-38.pyc", O_RDONLY|O_CLOEXEC) = 3
16:35:42.369378 openat(AT_FDCWD, "/usr/lib/python3.8/__pycache__/posixpath.cpython-38.pyc", O_RDONLY|O_CLOEXEC) = 3
16:35:42.371430 openat(AT_FDCWD, "/usr/lib/python3.8/__pycache__/genericpath.cpython-38.pyc", O_RDONLY|O_CLOEXEC) = 3
16:35:42.373854 openat(AT_FDCWD, "/usr/lib/python3.8/__pycache__/_sitebuiltins.cpython-38.pyc", O_RDONLY|O_CLOEXEC) = 3
16:35:42.376615 openat(AT_FDCWD, "/usr/local/lib/python3.8/dist-packages", O_RDONLY|O_NONBLOCK|O_CLOEXEC|O_DIRECTORY) = 3
16:35:42.377744 openat(AT_FDCWD, "/usr/lib/python3/dist-packages", O_RDONLY|O_NONBLOCK|O_CLOEXEC|O_DIRECTORY) = 3
16:35:42.378638 openat(AT_FDCWD, "/usr/lib/python3/dist-packages/zope.interface-4.7.1-nspkg.pth", O_RDONLY|O_CLOEXEC) = 3
16:35:42.380105 openat(AT_FDCWD, "/usr/lib/python3.8/__pycache__/_bootlocale.cpython-38.pyc", O_RDONLY|O_CLOEXEC) = 6
16:35:42.382631 openat(AT_FDCWD, "/usr/lib/python3.8/__pycache__/types.cpython-38.pyc", O_RDONLY|O_CLOEXEC) = 6
16:35:42.385045 openat(AT_FDCWD, "/usr/lib/python3.8/importlib/__pycache__/__init__.cpython-38.pyc", O_RDONLY|O_CLOEXEC) = 6
16:35:42.386835 openat(AT_FDCWD, "/usr/lib/python3.8/__pycache__/warnings.cpython-38.pyc", O_RDONLY|O_CLOEXEC) = 6
16:35:42.388956 openat(AT_FDCWD, "/usr/lib/python3.8/importlib", O_RDONLY|O_NONBLOCK|O_CLOEXEC|O_DIRECTORY) = 6
16:35:42.390455 openat(AT_FDCWD, "/usr/lib/python3.8/importlib/__pycache__/util.cpython-38.pyc", O_RDONLY|O_CLOEXEC) = 6
16:35:42.392635 openat(AT_FDCWD, "/usr/lib/python3.8/importlib/__pycache__/abc.cpython-38.pyc", O_RDONLY|O_CLOEXEC) = 6
16:35:42.394636 openat(AT_FDCWD, "/usr/lib/python3.8/importlib/__pycache__/machinery.cpython-38.pyc", O_RDONLY|O_CLOEXEC) = 6
16:35:42.396967 openat(AT_FDCWD, "/usr/lib/python3.8/__pycache__/contextlib.cpython-38.pyc", O_RDONLY|O_CLOEXEC) = 6
16:35:42.399857 openat(AT_FDCWD, "/usr/lib/python3.8/collections/__pycache__/__init__.cpython-38.pyc", O_RDONLY|O_CLOEXEC) = 6
16:35:42.402070 openat(AT_FDCWD, "/usr/lib/python3.8/__pycache__/operator.cpython-38.pyc", O_RDONLY|O_CLOEXEC) = 6
16:35:42.404419 openat(AT_FDCWD, "/usr/lib/python3.8/__pycache__/keyword.cpython-38.pyc", O_RDONLY|O_CLOEXEC) = 6
16:35:42.406294 openat(AT_FDCWD, "/usr/lib/python3.8/__pycache__/heapq.cpython-38.pyc", O_RDONLY|O_CLOEXEC) = 6
16:35:42.408455 openat(AT_FDCWD, "/usr/lib/python3.8/__pycache__/reprlib.cpython-38.pyc", O_RDONLY|O_CLOEXEC) = 6
16:35:42.411892 openat(AT_FDCWD, "/usr/lib/python3.8/__pycache__/functools.cpython-38.pyc", O_RDONLY|O_CLOEXEC) = 6
16:35:42.414905 openat(AT_FDCWD, "/usr/lib/python3/dist-packages", O_RDONLY|O_NONBLOCK|O_CLOEXEC|O_DIRECTORY) = 6
16:35:42.418072 openat(AT_FDCWD, "/usr/lib/python3.8/__pycache__/sitecustomize.cpython-38.pyc", O_RDONLY|O_CLOEXEC) = 3
16:35:42.420495 openat(AT_FDCWD, "/usr/lib/python3.8/lib-dynload", O_RDONLY|O_NONBLOCK|O_CLOEXEC|O_DIRECTORY) = 3
16:35:42.421825 openat(AT_FDCWD, "/usr/local/lib/python3.8/dist-packages", O_RDONLY|O_NONBLOCK|O_CLOEXEC|O_DIRECTORY) = 3
16:35:42.423152 openat(AT_FDCWD, "/usr/lib/python3/dist-packages/__pycache__/apport_python_hook.cpython-38.pyc", O_RDONLY|O_CLOEXEC) = 3
16:35:42.425420 openat(AT_FDCWD, "/usr/sbin/opensnoop-bpfcc", O_RDONLY|O_CLOEXEC) = 3
16:35:42.428260 openat(AT_FDCWD, "/usr/sbin/opensnoop-bpfcc", O_RDONLY) = 3
16:35:42.432179 openat(AT_FDCWD, "/usr/sbin", O_RDONLY|O_NONBLOCK|O_CLOEXEC|O_DIRECTORY) = 3
16:35:42.433874 openat(AT_FDCWD, "/usr/lib/python3.8/__pycache__/__future__.cpython-38.pyc", O_RDONLY|O_CLOEXEC) = 3
16:35:42.437288 openat(AT_FDCWD, "/usr/lib/python3/dist-packages/bcc/__pycache__/__init__.cpython-38.pyc", O_RDONLY|O_CLOEXEC) = 3
16:35:42.440316 openat(AT_FDCWD, "/usr/lib/python3.8/ctypes/__pycache__/__init__.cpython-38.pyc", O_RDONLY|O_CLOEXEC) = 3
16:35:42.442457 openat(AT_FDCWD, "/usr/lib/python3.8/lib-dynload/_ctypes.cpython-38-x86_64-linux-gnu.so", O_RDONLY|O_CLOEXEC) = 3
16:35:42.443615 openat(AT_FDCWD, "/etc/ld.so.cache", O_RDONLY|O_CLOEXEC) = 3
16:35:42.444077 openat(AT_FDCWD, "/lib/x86_64-linux-gnu/libffi.so.7", O_RDONLY|O_CLOEXEC) = 3
16:35:42.446844 openat(AT_FDCWD, "/usr/lib/python3.8/__pycache__/struct.cpython-38.pyc", O_RDONLY|O_CLOEXEC) = 3
16:35:42.449259 openat(AT_FDCWD, "/usr/lib/python3.8/ctypes", O_RDONLY|O_NONBLOCK|O_CLOEXEC|O_DIRECTORY) = 3
16:35:42.450347 openat(AT_FDCWD, "/usr/lib/python3.8/ctypes/__pycache__/_endian.cpython-38.pyc", O_RDONLY|O_CLOEXEC) = 3
16:35:42.465120 openat(AT_FDCWD, "/usr/lib/python3.8/json/__pycache__/__init__.cpython-38.pyc", O_RDONLY|O_CLOEXEC) = 3
16:35:42.466929 openat(AT_FDCWD, "/usr/lib/python3.8/json", O_RDONLY|O_NONBLOCK|O_CLOEXEC|O_DIRECTORY) = 3
16:35:42.468165 openat(AT_FDCWD, "/usr/lib/python3.8/json/__pycache__/decoder.cpython-38.pyc", O_RDONLY|O_CLOEXEC) = 3
16:35:42.470270 openat(AT_FDCWD, "/usr/lib/python3.8/__pycache__/re.cpython-38.pyc", O_RDONLY|O_CLOEXEC) = 3
16:35:42.472378 openat(AT_FDCWD, "/usr/lib/python3.8/__pycache__/enum.cpython-38.pyc", O_RDONLY|O_CLOEXEC) = 3
16:35:42.475406 openat(AT_FDCWD, "/usr/lib/python3.8/__pycache__/sre_compile.cpython-38.pyc", O_RDONLY|O_CLOEXEC) = 3
16:35:42.477737 openat(AT_FDCWD, "/usr/lib/python3.8/__pycache__/sre_parse.cpython-38.pyc", O_RDONLY|O_CLOEXEC) = 3
16:35:42.480069 openat(AT_FDCWD, "/usr/lib/python3.8/__pycache__/sre_constants.cpython-38.pyc", O_RDONLY|O_CLOEXEC) = 3
16:35:42.483471 openat(AT_FDCWD, "/usr/lib/python3.8/__pycache__/copyreg.cpython-38.pyc", O_RDONLY|O_CLOEXEC) = 3
16:35:42.485526 openat(AT_FDCWD, "/usr/lib/python3.8/json/__pycache__/scanner.cpython-38.pyc", O_RDONLY|O_CLOEXEC) = 3
16:35:42.487537 openat(AT_FDCWD, "/usr/lib/python3.8/lib-dynload/_json.cpython-38-x86_64-linux-gnu.so", O_RDONLY|O_CLOEXEC) = 3
16:35:42.490201 openat(AT_FDCWD, "/usr/lib/python3.8/json/__pycache__/encoder.cpython-38.pyc", O_RDONLY|O_CLOEXEC) = 3
16:35:42.492604 openat(AT_FDCWD, "/usr/lib/python3/dist-packages/bcc", O_RDONLY|O_NONBLOCK|O_CLOEXEC|O_DIRECTORY) = 3
16:35:42.493666 openat(AT_FDCWD, "/usr/lib/python3/dist-packages/bcc/__pycache__/libbcc.cpython-38.pyc", O_RDONLY|O_CLOEXEC) = 3
16:35:42.495022 openat(AT_FDCWD, "/etc/ld.so.cache", O_RDONLY|O_CLOEXEC) = 3
16:35:42.495564 openat(AT_FDCWD, "/lib/x86_64-linux-gnu/libbcc.so.0", O_RDONLY|O_CLOEXEC) = 3
16:35:42.497152 openat(AT_FDCWD, "/lib/x86_64-linux-gnu/libelf.so.1", O_RDONLY|O_CLOEXEC) = 3
16:35:42.498217 openat(AT_FDCWD, "/lib/x86_64-linux-gnu/libtinfo.so.6", O_RDONLY|O_CLOEXEC) = 3
16:35:42.499515 openat(AT_FDCWD, "/lib/x86_64-linux-gnu/libgcc_s.so.1", O_RDONLY|O_CLOEXEC) = 3
16:35:42.505455 openat(AT_FDCWD, "/proc/cpuinfo", O_RDONLY|O_CLOEXEC) = 3
16:35:42.509544 openat(AT_FDCWD, "/usr/lib/python3/dist-packages/bcc/__pycache__/table.cpython-38.pyc", O_RDONLY|O_CLOEXEC) = 3
16:35:42.512529 openat(AT_FDCWD, "/usr/lib/python3.8/multiprocessing/__pycache__/__init__.cpython-38.pyc", O_RDONLY|O_CLOEXEC) = 3
16:35:42.514374 openat(AT_FDCWD, "/usr/lib/python3.8/multiprocessing", O_RDONLY|O_NONBLOCK|O_CLOEXEC|O_DIRECTORY) = 3
16:35:42.515753 openat(AT_FDCWD, "/usr/lib/python3.8/multiprocessing/__pycache__/context.cpython-38.pyc", O_RDONLY|O_CLOEXEC) = 3
16:35:42.517902 openat(AT_FDCWD, "/usr/lib/python3.8/__pycache__/threading.cpython-38.pyc", O_RDONLY|O_CLOEXEC) = 3
16:35:42.520453 openat(AT_FDCWD, "/usr/lib/python3.8/__pycache__/_weakrefset.cpython-38.pyc", O_RDONLY|O_CLOEXEC) = 3
16:35:42.522948 openat(AT_FDCWD, "/usr/lib/python3.8/multiprocessing/__pycache__/process.cpython-38.pyc", O_RDONLY|O_CLOEXEC) = 3
16:35:42.525160 openat(AT_FDCWD, "/usr/lib/python3.8/__pycache__/signal.cpython-38.pyc", O_RDONLY|O_CLOEXEC) = 3
16:35:42.528659 openat(AT_FDCWD, "/usr/lib/python3.8/multiprocessing/__pycache__/reduction.cpython-38.pyc", O_RDONLY|O_CLOEXEC) = 3
16:35:42.531645 openat(AT_FDCWD, "/usr/lib/python3.8/__pycache__/pickle.cpython-38.pyc", O_RDONLY|O_CLOEXEC) = 3
16:35:42.534506 openat(AT_FDCWD, "/usr/lib/python3.8/__pycache__/_compat_pickle.cpython-38.pyc", O_RDONLY|O_CLOEXEC) = 3
16:35:42.538587 openat(AT_FDCWD, "/usr/lib/python3.8/__pycache__/socket.cpython-38.pyc", O_RDONLY|O_CLOEXEC) = 3
16:35:42.541097 openat(AT_FDCWD, "/usr/lib/python3.8/__pycache__/selectors.cpython-38.pyc", O_RDONLY|O_CLOEXEC) = 3
16:35:42.543083 openat(AT_FDCWD, "/usr/lib/python3.8/collections", O_RDONLY|O_NONBLOCK|O_CLOEXEC|O_DIRECTORY) = 3
16:35:42.544279 openat(AT_FDCWD, "/usr/lib/python3.8/collections/__pycache__/abc.cpython-38.pyc", O_RDONLY|O_CLOEXEC) = 3
16:35:42.549298 openat(AT_FDCWD, "/usr/lib/python3/dist-packages/bcc/__pycache__/perf.cpython-38.pyc", O_RDONLY|O_CLOEXEC) = 3
16:35:42.551492 openat(AT_FDCWD, "/usr/lib/python3/dist-packages/bcc/__pycache__/utils.cpython-38.pyc", O_RDONLY|O_CLOEXEC) = 3
16:35:42.553778 openat(AT_FDCWD, "/usr/lib/python3.8/__pycache__/traceback.cpython-38.pyc", O_RDONLY|O_CLOEXEC) = 3
16:35:42.555892 openat(AT_FDCWD, "/usr/lib/python3.8/__pycache__/linecache.cpython-38.pyc", O_RDONLY|O_CLOEXEC) = 3
16:35:42.557884 openat(AT_FDCWD, "/usr/lib/python3.8/__pycache__/tokenize.cpython-38.pyc", O_RDONLY|O_CLOEXEC) = 3
16:35:42.560013 openat(AT_FDCWD, "/usr/lib/python3.8/__pycache__/token.cpython-38.pyc", O_RDONLY|O_CLOEXEC) = 3
16:35:42.563418 openat(AT_FDCWD, "/usr/lib/python3.8/__pycache__/subprocess.cpython-38.pyc", O_RDONLY|O_CLOEXEC) = 3
16:35:42.567500 openat(AT_FDCWD, "/usr/lib/python3/dist-packages/bcc/__pycache__/version.cpython-38.pyc", O_RDONLY|O_CLOEXEC) = 3
16:35:42.569498 openat(AT_FDCWD, "/usr/lib/python3/dist-packages/bcc/__pycache__/disassembler.cpython-38.pyc", O_RDONLY|O_CLOEXEC) = 3
16:35:42.572516 openat(AT_FDCWD, "/etc/ld.so.cache", O_RDONLY|O_CLOEXEC) = 3
16:35:42.573240 openat(AT_FDCWD, "/lib/x86_64-linux-gnu/librt.so.1", O_RDONLY|O_CLOEXEC) = 3
16:35:42.575643 openat(AT_FDCWD, "/usr/lib/python3/dist-packages/bcc/__pycache__/usdt.cpython-38.pyc", O_RDONLY|O_CLOEXEC) = 3
16:35:42.577840 openat(AT_FDCWD, "/usr/lib/python3.8/__pycache__/argparse.cpython-38.pyc", O_RDONLY|O_CLOEXEC) = 3
16:35:42.580419 openat(AT_FDCWD, "/usr/lib/python3.8/__pycache__/gettext.cpython-38.pyc", O_RDONLY|O_CLOEXEC) = 3
16:35:42.582546 openat(AT_FDCWD, "/usr/lib/python3.8/__pycache__/locale.cpython-38.pyc", O_RDONLY|O_CLOEXEC) = 3
16:35:42.586632 openat(AT_FDCWD, "/usr/lib/python3.8/__pycache__/datetime.cpython-38.pyc", O_RDONLY|O_CLOEXEC) = 3
16:35:42.594103 openat(AT_FDCWD, "/usr/lib/python3.8/__pycache__/shutil.cpython-38.pyc", O_RDONLY|O_CLOEXEC) = 3
16:35:42.596697 openat(AT_FDCWD, "/usr/lib/python3.8/__pycache__/fnmatch.cpython-38.pyc", O_RDONLY|O_CLOEXEC) = 3
16:35:42.598912 openat(AT_FDCWD, "/usr/lib/python3.8/__pycache__/bz2.cpython-38.pyc", O_RDONLY|O_CLOEXEC) = 3
16:35:42.601002 openat(AT_FDCWD, "/usr/lib/python3.8/__pycache__/_compression.cpython-38.pyc", O_RDONLY|O_CLOEXEC) = 3
16:35:42.603351 openat(AT_FDCWD, "/usr/lib/python3.8/lib-dynload/_bz2.cpython-38-x86_64-linux-gnu.so", O_RDONLY|O_CLOEXEC) = 3
16:35:42.604515 openat(AT_FDCWD, "/etc/ld.so.cache", O_RDONLY|O_CLOEXEC) = 3
16:35:42.605018 openat(AT_FDCWD, "/lib/x86_64-linux-gnu/libbz2.so.1.0", O_RDONLY|O_CLOEXEC) = 3
16:35:42.607493 openat(AT_FDCWD, "/usr/lib/python3.8/__pycache__/lzma.cpython-38.pyc", O_RDONLY|O_CLOEXEC) = 3
16:35:42.609521 openat(AT_FDCWD, "/usr/lib/python3.8/lib-dynload/_lzma.cpython-38-x86_64-linux-gnu.so", O_RDONLY|O_CLOEXEC) = 3
16:35:42.610689 openat(AT_FDCWD, "/etc/ld.so.cache", O_RDONLY|O_CLOEXEC) = 3
16:35:42.611200 openat(AT_FDCWD, "/lib/x86_64-linux-gnu/liblzma.so.5", O_RDONLY|O_CLOEXEC) = 3
16:35:42.629407 openat(AT_FDCWD, "/usr/lib/python3/dist-packages/apt_pkg.cpython-38-x86_64-linux-gnu.so", O_RDONLY|O_CLOEXEC) = 3
16:35:42.630382 openat(AT_FDCWD, "/etc/ld.so.cache", O_RDONLY|O_CLOEXEC) = 3
16:35:42.630858 openat(AT_FDCWD, "/lib/x86_64-linux-gnu/libapt-pkg.so.6.0", O_RDONLY|O_CLOEXEC) = 3
16:35:42.632053 openat(AT_FDCWD, "/lib/x86_64-linux-gnu/libstdc++.so.6", O_RDONLY|O_CLOEXEC) = 3
16:35:42.633245 openat(AT_FDCWD, "/lib/x86_64-linux-gnu/libresolv.so.2", O_RDONLY|O_CLOEXEC) = 3
16:35:42.634502 openat(AT_FDCWD, "/lib/x86_64-linux-gnu/liblz4.so.1", O_RDONLY|O_CLOEXEC) = 3
16:35:42.635646 openat(AT_FDCWD, "/lib/x86_64-linux-gnu/libzstd.so.1", O_RDONLY|O_CLOEXEC) = 3
16:35:42.636635 openat(AT_FDCWD, "/lib/x86_64-linux-gnu/libudev.so.1", O_RDONLY|O_CLOEXEC) = 3
16:35:42.637692 openat(AT_FDCWD, "/lib/x86_64-linux-gnu/libsystemd.so.0", O_RDONLY|O_CLOEXEC) = 3
16:35:42.638843 openat(AT_FDCWD, "/lib/x86_64-linux-gnu/libgcrypt.so.20", O_RDONLY|O_CLOEXEC) = 3
16:35:42.639952 openat(AT_FDCWD, "/lib/x86_64-linux-gnu/libgpg-error.so.0", O_RDONLY|O_CLOEXEC) = 3
16:35:42.645697 openat(AT_FDCWD, "/etc/default/apport", O_RDONLY|O_CLOEXEC) = 3
16:35:42.649955 openat(AT_FDCWD, "/usr/lib/python3/dist-packages/apport/__pycache__/__init__.cpython-38.pyc", O_RDONLY|O_CLOEXEC) = 3
16:35:42.651791 openat(AT_FDCWD, "/usr/lib/python3/dist-packages/apport", O_RDONLY|O_NONBLOCK|O_CLOEXEC|O_DIRECTORY) = 3
16:35:42.652809 openat(AT_FDCWD, "/usr/lib/python3/dist-packages/apport/__pycache__/report.cpython-38.pyc", O_RDONLY|O_CLOEXEC) = 3
16:35:42.655362 openat(AT_FDCWD, "/usr/lib/python3.8/__pycache__/tempfile.cpython-38.pyc", O_RDONLY|O_CLOEXEC) = 3
16:35:42.657582 openat(AT_FDCWD, "/usr/lib/python3.8/__pycache__/random.cpython-38.pyc", O_RDONLY|O_CLOEXEC) = 3
16:35:42.659984 openat(AT_FDCWD, "/usr/lib/python3.8/__pycache__/bisect.cpython-38.pyc", O_RDONLY|O_CLOEXEC) = 3
16:35:42.662356 openat(AT_FDCWD, "/usr/lib/python3.8/__pycache__/weakref.cpython-38.pyc", O_RDONLY|O_CLOEXEC) = 3
16:35:42.665080 openat(AT_FDCWD, "/usr/lib/python3.8/__pycache__/glob.cpython-38.pyc", O_RDONLY|O_CLOEXEC) = 3
16:35:42.667320 openat(AT_FDCWD, "/usr/lib/python3.8/__pycache__/imp.cpython-38.pyc", O_RDONLY|O_CLOEXEC) = 3
16:35:42.670569 openat(AT_FDCWD, "/usr/lib/python3.8/xml/__pycache__/__init__.cpython-38.pyc", O_RDONLY|O_CLOEXEC) = 3
16:35:42.672528 openat(AT_FDCWD, "/usr/lib/python3.8/xml", O_RDONLY|O_NONBLOCK|O_CLOEXEC|O_DIRECTORY) = 3
16:35:42.674215 openat(AT_FDCWD, "/usr/lib/python3.8/xml/dom/__pycache__/__init__.cpython-38.pyc", O_RDONLY|O_CLOEXEC) = 3
16:35:42.676405 openat(AT_FDCWD, "/usr/lib/python3.8/xml/dom", O_RDONLY|O_NONBLOCK|O_CLOEXEC|O_DIRECTORY) = 3
16:35:42.677596 openat(AT_FDCWD, "/usr/lib/python3.8/xml/dom/__pycache__/domreg.cpython-38.pyc", O_RDONLY|O_CLOEXEC) = 3
16:35:42.679608 openat(AT_FDCWD, "/usr/lib/python3.8/xml/dom/__pycache__/minidom.cpython-38.pyc", O_RDONLY|O_CLOEXEC) = 3
16:35:42.682093 openat(AT_FDCWD, "/usr/lib/python3.8/xml/dom/__pycache__/minicompat.cpython-38.pyc", O_RDONLY|O_CLOEXEC) = 3
16:35:42.684094 openat(AT_FDCWD, "/usr/lib/python3.8/xml/dom/__pycache__/xmlbuilder.cpython-38.pyc", O_RDONLY|O_CLOEXEC) = 3
16:35:42.686434 openat(AT_FDCWD, "/usr/lib/python3.8/__pycache__/copy.cpython-38.pyc", O_RDONLY|O_CLOEXEC) = 3
16:35:42.689352 openat(AT_FDCWD, "/usr/lib/python3.8/xml/dom/__pycache__/NodeFilter.cpython-38.pyc", O_RDONLY|O_CLOEXEC) = 3
16:35:42.692625 openat(AT_FDCWD, "/usr/lib/python3.8/xml/parsers/__pycache__/__init__.cpython-38.pyc", O_RDONLY|O_CLOEXEC) = 3
16:35:42.694481 openat(AT_FDCWD, "/usr/lib/python3.8/xml/parsers", O_RDONLY|O_NONBLOCK|O_CLOEXEC|O_DIRECTORY) = 3
16:35:42.695600 openat(AT_FDCWD, "/usr/lib/python3.8/xml/parsers/__pycache__/expat.cpython-38.pyc", O_RDONLY|O_CLOEXEC) = 3
16:35:42.698589 openat(AT_FDCWD, "/usr/lib/python3.8/urllib/__pycache__/__init__.cpython-38.pyc", O_RDONLY|O_CLOEXEC) = 3
16:35:42.700408 openat(AT_FDCWD, "/usr/lib/python3.8/urllib", O_RDONLY|O_NONBLOCK|O_CLOEXEC|O_DIRECTORY) = 3
16:35:42.701468 openat(AT_FDCWD, "/usr/lib/python3.8/urllib/__pycache__/error.cpython-38.pyc", O_RDONLY|O_CLOEXEC) = 3
16:35:42.703368 openat(AT_FDCWD, "/usr/lib/python3.8/urllib/__pycache__/response.cpython-38.pyc", O_RDONLY|O_CLOEXEC) = 3
16:35:42.705410 openat(AT_FDCWD, "/usr/lib/python3.8/urllib/__pycache__/request.cpython-38.pyc", O_RDONLY|O_CLOEXEC) = 3
16:35:42.708389 openat(AT_FDCWD, "/usr/lib/python3.8/__pycache__/base64.cpython-38.pyc", O_RDONLY|O_CLOEXEC) = 3
16:35:42.711073 openat(AT_FDCWD, "/usr/lib/python3.8/email/__pycache__/__init__.cpython-38.pyc", O_RDONLY|O_CLOEXEC) = 3
16:35:42.713227 openat(AT_FDCWD, "/usr/lib/python3.8/__pycache__/hashlib.cpython-38.pyc", O_RDONLY|O_CLOEXEC) = 3
16:35:42.715350 openat(AT_FDCWD, "/usr/lib/python3.8/lib-dynload/_hashlib.cpython-38-x86_64-linux-gnu.so", O_RDONLY|O_CLOEXEC) = 3
16:35:42.716699 openat(AT_FDCWD, "/etc/ld.so.cache", O_RDONLY|O_CLOEXEC) = 3
16:35:42.717206 openat(AT_FDCWD, "/lib/x86_64-linux-gnu/libcrypto.so.1.1", O_RDONLY|O_CLOEXEC) = 3
16:35:42.721716 openat(AT_FDCWD, "/usr/lib/python3.8/http/__pycache__/__init__.cpython-38.pyc", O_RDONLY|O_CLOEXEC) = 3
16:35:42.724400 openat(AT_FDCWD, "/usr/lib/python3.8/http", O_RDONLY|O_NONBLOCK|O_CLOEXEC|O_DIRECTORY) = 3
16:35:42.725709 openat(AT_FDCWD, "/usr/lib/python3.8/http/__pycache__/client.cpython-38.pyc", O_RDONLY|O_CLOEXEC) = 3
16:35:42.729092 openat(AT_FDCWD, "/usr/lib/python3.8/email", O_RDONLY|O_NONBLOCK|O_CLOEXEC|O_DIRECTORY) = 3
16:35:42.730473 openat(AT_FDCWD, "/usr/lib/python3.8/email/__pycache__/parser.cpython-38.pyc", O_RDONLY|O_CLOEXEC) = 3
16:35:42.732466 openat(AT_FDCWD, "/usr/lib/python3.8/email/__pycache__/feedparser.cpython-38.pyc", O_RDONLY|O_CLOEXEC) = 3
16:35:42.734608 openat(AT_FDCWD, "/usr/lib/python3.8/email/__pycache__/errors.cpython-38.pyc", O_RDONLY|O_CLOEXEC) = 3
16:35:42.737029 openat(AT_FDCWD, "/usr/lib/python3.8/email/__pycache__/_policybase.cpython-38.pyc", O_RDONLY|O_CLOEXEC) = 3
16:35:42.739246 openat(AT_FDCWD, "/usr/lib/python3.8/email/__pycache__/header.cpython-38.pyc", O_RDONLY|O_CLOEXEC) = 3
16:35:42.742450 openat(AT_FDCWD, "/usr/lib/python3.8/email/__pycache__/quoprimime.cpython-38.pyc", O_RDONLY|O_CLOEXEC) = 3
16:35:42.745630 openat(AT_FDCWD, "/usr/lib/python3.8/__pycache__/string.cpython-38.pyc", O_RDONLY|O_CLOEXEC) = 3
16:35:42.748462 openat(AT_FDCWD, "/usr/lib/python3.8/email/__pycache__/base64mime.cpython-38.pyc", O_RDONLY|O_CLOEXEC) = 3
16:35:42.750316 openat(AT_FDCWD, "/usr/lib/python3.8/email/__pycache__/charset.cpython-38.pyc", O_RDONLY|O_CLOEXEC) = 3
16:35:42.752258 openat(AT_FDCWD, "/usr/lib/python3.8/email/__pycache__/encoders.cpython-38.pyc", O_RDONLY|O_CLOEXEC) = 3
16:35:42.754479 openat(AT_FDCWD, "/usr/lib/python3.8/__pycache__/quopri.cpython-38.pyc", O_RDONLY|O_CLOEXEC) = 3
16:35:42.757064 openat(AT_FDCWD, "/usr/lib/python3.8/email/__pycache__/utils.cpython-38.pyc", O_RDONLY|O_CLOEXEC) = 3
16:35:42.758937 openat(AT_FDCWD, "/usr/lib/python3.8/urllib/__pycache__/parse.cpython-38.pyc", O_RDONLY|O_CLOEXEC) = 3
16:35:42.761834 openat(AT_FDCWD, "/usr/lib/python3.8/email/__pycache__/_parseaddr.cpython-38.pyc", O_RDONLY|O_CLOEXEC) = 3
16:35:42.763932 openat(AT_FDCWD, "/usr/lib/python3.8/__pycache__/calendar.cpython-38.pyc", O_RDONLY|O_CLOEXEC) = 3
16:35:42.767178 openat(AT_FDCWD, "/usr/lib/python3.8/email/__pycache__/message.cpython-38.pyc", O_RDONLY|O_CLOEXEC) = 3
16:35:42.769646 openat(AT_FDCWD, "/usr/lib/python3.8/__pycache__/uu.cpython-38.pyc", O_RDONLY|O_CLOEXEC) = 3
16:35:42.771563 openat(AT_FDCWD, "/usr/lib/python3.8/email/__pycache__/_encoded_words.cpython-38.pyc", O_RDONLY|O_CLOEXEC) = 3
16:35:42.773732 openat(AT_FDCWD, "/usr/lib/python3.8/email/__pycache__/iterators.cpython-38.pyc", O_RDONLY|O_CLOEXEC) = 3
16:35:42.776413 openat(AT_FDCWD, "/usr/lib/python3.8/__pycache__/ssl.cpython-38.pyc", O_RDONLY|O_CLOEXEC) = 3
16:35:42.778659 openat(AT_FDCWD, "/usr/lib/python3.8/lib-dynload/_ssl.cpython-38-x86_64-linux-gnu.so", O_RDONLY|O_CLOEXEC) = 3
16:35:42.779770 openat(AT_FDCWD, "/etc/ld.so.cache", O_RDONLY|O_CLOEXEC) = 3
16:35:42.780306 openat(AT_FDCWD, "/lib/x86_64-linux-gnu/libssl.so.1.1", O_RDONLY|O_CLOEXEC) = 3
16:35:42.789260 openat(AT_FDCWD, "/usr/lib/python3/dist-packages/__pycache__/problem_report.cpython-38.pyc", O_RDONLY|O_CLOEXEC) = 3
16:35:42.791320 openat(AT_FDCWD, "/usr/lib/python3.8/__pycache__/gzip.cpython-38.pyc", O_RDONLY|O_CLOEXEC) = 3
16:35:42.794210 openat(AT_FDCWD, "/usr/lib/python3.8/email/mime/__pycache__/__init__.cpython-38.pyc", O_RDONLY|O_CLOEXEC) = 3
16:35:42.796069 openat(AT_FDCWD, "/usr/lib/python3.8/email/mime", O_RDONLY|O_NONBLOCK|O_CLOEXEC|O_DIRECTORY) = 3
16:35:42.797104 openat(AT_FDCWD, "/usr/lib/python3.8/email/mime/__pycache__/multipart.cpython-38.pyc", O_RDONLY|O_CLOEXEC) = 3
16:35:42.799035 openat(AT_FDCWD, "/usr/lib/python3.8/email/mime/__pycache__/base.cpython-38.pyc", O_RDONLY|O_CLOEXEC) = 3
16:35:42.800969 openat(AT_FDCWD, "/usr/lib/python3.8/email/__pycache__/policy.cpython-38.pyc", O_RDONLY|O_CLOEXEC) = 3
16:35:42.802907 openat(AT_FDCWD, "/usr/lib/python3.8/email/__pycache__/headerregistry.cpython-38.pyc", O_RDONLY|O_CLOEXEC) = 3
16:35:42.805089 openat(AT_FDCWD, "/usr/lib/python3.8/email/__pycache__/_header_value_parser.cpython-38.pyc", O_RDONLY|O_CLOEXEC) = 3
16:35:42.809959 openat(AT_FDCWD, "/usr/lib/python3.8/email/__pycache__/contentmanager.cpython-38.pyc", O_RDONLY|O_CLOEXEC) = 3
16:35:42.812510 openat(AT_FDCWD, "/usr/lib/python3.8/email/mime/__pycache__/text.cpython-38.pyc", O_RDONLY|O_CLOEXEC) = 3
16:35:42.814587 openat(AT_FDCWD, "/usr/lib/python3.8/email/mime/__pycache__/nonmultipart.cpython-38.pyc", O_RDONLY|O_CLOEXEC) = 3
16:35:42.816734 openat(AT_FDCWD, "/usr/lib/python3/dist-packages/apport/__pycache__/fileutils.cpython-38.pyc", O_RDONLY|O_CLOEXEC) = 3
16:35:42.820044 openat(AT_FDCWD, "/usr/lib/python3/dist-packages/requests_unixsocket/__pycache__/__init__.cpython-38.pyc", O_RDONLY|O_CLOEXEC) = 3
16:35:42.823070 openat(AT_FDCWD, "/usr/lib/python3/dist-packages/requests/__pycache__/__init__.cpython-38.pyc", O_RDONLY|O_CLOEXEC) = 3
16:35:42.826130 openat(AT_FDCWD, "/usr/lib/python3/dist-packages/urllib3/__pycache__/__init__.cpython-38.pyc", O_RDONLY|O_CLOEXEC) = 3
16:35:42.828219 openat(AT_FDCWD, "/usr/lib/python3/dist-packages/urllib3", O_RDONLY|O_NONBLOCK|O_CLOEXEC|O_DIRECTORY) = 3
16:35:42.829404 openat(AT_FDCWD, "/usr/lib/python3/dist-packages/urllib3/__pycache__/connectionpool.cpython-38.pyc", O_RDONLY|O_CLOEXEC) = 3
16:35:42.831898 openat(AT_FDCWD, "/usr/lib/python3.8/logging/__pycache__/__init__.cpython-38.pyc", O_RDONLY|O_CLOEXEC) = 3
16:35:42.836317 openat(AT_FDCWD, "/usr/lib/python3/dist-packages/urllib3/__pycache__/exceptions.cpython-38.pyc", O_RDONLY|O_CLOEXEC) = 3
16:35:42.838954 openat(AT_FDCWD, "/usr/lib/python3/dist-packages/__pycache__/six.cpython-38.pyc", O_RDONLY|O_CLOEXEC) = 3
16:35:42.844304 openat(AT_FDCWD, "/usr/lib/python3/dist-packages/urllib3/packages/__pycache__/__init__.cpython-38.pyc", O_RDONLY|O_CLOEXEC) = 3
16:35:42.846067 openat(AT_FDCWD, "/usr/lib/python3/dist-packages/urllib3/packages", O_RDONLY|O_NONBLOCK|O_CLOEXEC|O_DIRECTORY) = 3
16:35:42.847669 openat(AT_FDCWD, "/usr/lib/python3/dist-packages/urllib3/packages/ssl_match_hostname/__pycache__/__init__.cpython-38.pyc", O_RDONLY|O_CLOEXEC) = 3
16:35:42.849591 openat(AT_FDCWD, "/usr/lib/python3.8/__pycache__/queue.cpython-38.pyc", O_RDONLY|O_CLOEXEC) = 3
16:35:42.851568 openat(AT_FDCWD, "/usr/lib/python3.8/lib-dynload/_queue.cpython-38-x86_64-linux-gnu.so", O_RDONLY|O_CLOEXEC) = 3
16:35:42.853666 openat(AT_FDCWD, "/usr/lib/python3/dist-packages/urllib3/__pycache__/connection.cpython-38.pyc", O_RDONLY|O_CLOEXEC) = 3
16:35:42.857179 openat(AT_FDCWD, "/usr/lib/python3/dist-packages/urllib3/util/__pycache__/__init__.cpython-38.pyc", O_RDONLY|O_CLOEXEC) = 3
16:35:42.859084 openat(AT_FDCWD, "/usr/lib/python3/dist-packages/urllib3/util", O_RDONLY|O_NONBLOCK|O_CLOEXEC|O_DIRECTORY) = 3
16:35:42.860205 openat(AT_FDCWD, "/usr/lib/python3/dist-packages/urllib3/util/__pycache__/connection.cpython-38.pyc", O_RDONLY|O_CLOEXEC) = 3
16:35:42.862217 openat(AT_FDCWD, "/usr/lib/python3/dist-packages/urllib3/util/__pycache__/wait.cpython-38.pyc", O_RDONLY|O_CLOEXEC) = 3
16:35:42.864638 openat(AT_FDCWD, "/usr/lib/python3/dist-packages/urllib3/contrib/__pycache__/__init__.cpython-38.pyc", O_RDONLY|O_CLOEXEC) = 3
16:35:42.866481 openat(AT_FDCWD, "/usr/lib/python3/dist-packages/urllib3/contrib", O_RDONLY|O_NONBLOCK|O_CLOEXEC|O_DIRECTORY) = 3
16:35:42.867594 openat(AT_FDCWD, "/usr/lib/python3/dist-packages/urllib3/contrib/__pycache__/_appengine_environ.cpython-38.pyc", O_RDONLY|O_CLOEXEC) = 3
16:35:42.870222 openat(AT_FDCWD, "/usr/lib/python3/dist-packages/urllib3/util/__pycache__/request.cpython-38.pyc", O_RDONLY|O_CLOEXEC) = 3
16:35:42.873499 openat(AT_FDCWD, "/usr/lib/python3/dist-packages/urllib3/util/__pycache__/response.cpython-38.pyc", O_RDONLY|O_CLOEXEC) = 3
16:35:42.875347 openat(AT_FDCWD, "/usr/lib/python3/dist-packages/urllib3/util/__pycache__/ssl_.cpython-38.pyc", O_RDONLY|O_CLOEXEC) = 3
16:35:42.877615 openat(AT_FDCWD, "/usr/lib/python3.8/__pycache__/hmac.cpython-38.pyc", O_RDONLY|O_CLOEXEC) = 3
16:35:42.879739 openat(AT_FDCWD, "/usr/lib/python3/dist-packages/urllib3/util/__pycache__/url.cpython-38.pyc", O_RDONLY|O_CLOEXEC) = 3
16:35:42.893794 openat(AT_FDCWD, "/usr/lib/python3/dist-packages/urllib3/util/__pycache__/timeout.cpython-38.pyc", O_RDONLY|O_CLOEXEC) = 3
16:35:42.895715 openat(AT_FDCWD, "/usr/lib/python3/dist-packages/urllib3/util/__pycache__/retry.cpython-38.pyc", O_RDONLY|O_CLOEXEC) = 3
16:35:42.898065 openat(AT_FDCWD, "/usr/lib/python3/dist-packages/urllib3/__pycache__/_collections.cpython-38.pyc", O_RDONLY|O_CLOEXEC) = 3
16:35:42.900417 openat(AT_FDCWD, "/usr/lib/python3/dist-packages/urllib3/__pycache__/request.cpython-38.pyc", O_RDONLY|O_CLOEXEC) = 3
16:35:42.902323 openat(AT_FDCWD, "/usr/lib/python3/dist-packages/urllib3/__pycache__/filepost.cpython-38.pyc", O_RDONLY|O_CLOEXEC) = 3
16:35:42.904427 openat(AT_FDCWD, "/usr/lib/python3/dist-packages/urllib3/__pycache__/fields.cpython-38.pyc", O_RDONLY|O_CLOEXEC) = 3
16:35:42.906521 openat(AT_FDCWD, "/usr/lib/python3.8/__pycache__/mimetypes.cpython-38.pyc", O_RDONLY|O_CLOEXEC) = 3
16:35:42.909866 openat(AT_FDCWD, "/usr/lib/python3/dist-packages/urllib3/__pycache__/response.cpython-38.pyc", O_RDONLY|O_CLOEXEC) = 3
16:35:42.913073 openat(AT_FDCWD, "/usr/lib/python3/dist-packages/urllib3/util/__pycache__/queue.cpython-38.pyc", O_RDONLY|O_CLOEXEC) = 3
16:35:42.915049 openat(AT_FDCWD, "/usr/lib/python3/dist-packages/urllib3/__pycache__/poolmanager.cpython-38.pyc", O_RDONLY|O_CLOEXEC) = 3
16:35:42.918954 openat(AT_FDCWD, "/usr/lib/python3/dist-packages/chardet/__pycache__/__init__.cpython-38.pyc", O_RDONLY|O_CLOEXEC) = 3
16:35:42.920939 openat(AT_FDCWD, "/usr/lib/python3/dist-packages/chardet", O_RDONLY|O_NONBLOCK|O_CLOEXEC|O_DIRECTORY) = 3
16:35:42.922071 openat(AT_FDCWD, "/usr/lib/python3/dist-packages/chardet/__pycache__/compat.cpython-38.pyc", O_RDONLY|O_CLOEXEC) = 3
16:35:42.924036 openat(AT_FDCWD, "/usr/lib/python3/dist-packages/chardet/__pycache__/universaldetector.cpython-38.pyc", O_RDONLY|O_CLOEXEC) = 3
16:35:42.925971 openat(AT_FDCWD, "/usr/lib/python3/dist-packages/chardet/__pycache__/charsetgroupprober.cpython-38.pyc", O_RDONLY|O_CLOEXEC) = 3
16:35:42.927938 openat(AT_FDCWD, "/usr/lib/python3/dist-packages/chardet/__pycache__/enums.cpython-38.pyc", O_RDONLY|O_CLOEXEC) = 3
16:35:42.929984 openat(AT_FDCWD, "/usr/lib/python3/dist-packages/chardet/__pycache__/charsetprober.cpython-38.pyc", O_RDONLY|O_CLOEXEC) = 3
16:35:42.932041 openat(AT_FDCWD, "/usr/lib/python3/dist-packages/chardet/__pycache__/escprober.cpython-38.pyc", O_RDONLY|O_CLOEXEC) = 3
16:35:42.933976 openat(AT_FDCWD, "/usr/lib/python3/dist-packages/chardet/__pycache__/codingstatemachine.cpython-38.pyc", O_RDONLY|O_CLOEXEC) = 3
16:35:42.936050 openat(AT_FDCWD, "/usr/lib/python3/dist-packages/chardet/__pycache__/escsm.cpython-38.pyc", O_RDONLY|O_CLOEXEC) = 3
16:35:42.937993 openat(AT_FDCWD, "/usr/lib/python3/dist-packages/chardet/__pycache__/latin1prober.cpython-38.pyc", O_RDONLY|O_CLOEXEC) = 3
16:35:42.940501 openat(AT_FDCWD, "/usr/lib/python3/dist-packages/chardet/__pycache__/mbcsgroupprober.cpython-38.pyc", O_RDONLY|O_CLOEXEC) = 3
16:35:42.942407 openat(AT_FDCWD, "/usr/lib/python3/dist-packages/chardet/__pycache__/utf8prober.cpython-38.pyc", O_RDONLY|O_CLOEXEC) = 3
16:35:42.944436 openat(AT_FDCWD, "/usr/lib/python3/dist-packages/chardet/__pycache__/mbcssm.cpython-38.pyc", O_RDONLY|O_CLOEXEC) = 3
16:35:42.946607 openat(AT_FDCWD, "/usr/lib/python3/dist-packages/chardet/__pycache__/sjisprober.cpython-38.pyc", O_RDONLY|O_CLOEXEC) = 3
16:35:42.948564 openat(AT_FDCWD, "/usr/lib/python3/dist-packages/chardet/__pycache__/mbcharsetprober.cpython-38.pyc", O_RDONLY|O_CLOEXEC) = 3
16:35:42.950491 openat(AT_FDCWD, "/usr/lib/python3/dist-packages/chardet/__pycache__/chardistribution.cpython-38.pyc", O_RDONLY|O_CLOEXEC) = 3
16:35:42.952518 openat(AT_FDCWD, "/usr/lib/python3/dist-packages/chardet/__pycache__/euctwfreq.cpython-38.pyc", O_RDONLY|O_CLOEXEC) = 3
16:35:42.954721 openat(AT_FDCWD, "/usr/lib/python3/dist-packages/chardet/__pycache__/euckrfreq.cpython-38.pyc", O_RDONLY|O_CLOEXEC) = 3
16:35:42.956890 openat(AT_FDCWD, "/usr/lib/python3/dist-packages/chardet/__pycache__/gb2312freq.cpython-38.pyc", O_RDONLY|O_CLOEXEC) = 3
16:35:42.959102 openat(AT_FDCWD, "/usr/lib/python3/dist-packages/chardet/__pycache__/big5freq.cpython-38.pyc", O_RDONLY|O_CLOEXEC) = 3
16:35:42.961282 openat(AT_FDCWD, "/usr/lib/python3/dist-packages/chardet/__pycache__/jisfreq.cpython-38.pyc", O_RDONLY|O_CLOEXEC) = 3
16:35:42.963880 openat(AT_FDCWD, "/usr/lib/python3/dist-packages/chardet/__pycache__/jpcntx.cpython-38.pyc", O_RDONLY|O_CLOEXEC) = 3
16:35:42.966142 openat(AT_FDCWD, "/usr/lib/python3/dist-packages/chardet/__pycache__/eucjpprober.cpython-38.pyc", O_RDONLY|O_CLOEXEC) = 3
16:35:42.968209 openat(AT_FDCWD, "/usr/lib/python3/dist-packages/chardet/__pycache__/gb2312prober.cpython-38.pyc", O_RDONLY|O_CLOEXEC) = 3
16:35:42.970041 openat(AT_FDCWD, "/usr/lib/python3/dist-packages/chardet/__pycache__/euckrprober.cpython-38.pyc", O_RDONLY|O_CLOEXEC) = 3
16:35:42.971856 openat(AT_FDCWD, "/usr/lib/python3/dist-packages/chardet/__pycache__/cp949prober.cpython-38.pyc", O_RDONLY|O_CLOEXEC) = 3
16:35:42.973693 openat(AT_FDCWD, "/usr/lib/python3/dist-packages/chardet/__pycache__/big5prober.cpython-38.pyc", O_RDONLY|O_CLOEXEC) = 3
16:35:42.975868 openat(AT_FDCWD, "/usr/lib/python3/dist-packages/chardet/__pycache__/euctwprober.cpython-38.pyc", O_RDONLY|O_CLOEXEC) = 3
16:35:42.977777 openat(AT_FDCWD, "/usr/lib/python3/dist-packages/chardet/__pycache__/sbcsgroupprober.cpython-38.pyc", O_RDONLY|O_CLOEXEC) = 3
16:35:42.979742 openat(AT_FDCWD, "/usr/lib/python3/dist-packages/chardet/__pycache__/sbcharsetprober.cpython-38.pyc", O_RDONLY|O_CLOEXEC) = 3
16:35:42.981721 openat(AT_FDCWD, "/usr/lib/python3/dist-packages/chardet/__pycache__/langcyrillicmodel.cpython-38.pyc", O_RDONLY|O_CLOEXEC) = 3
16:35:42.983739 openat(AT_FDCWD, "/usr/lib/python3/dist-packages/chardet/__pycache__/langgreekmodel.cpython-38.pyc", O_RDONLY|O_CLOEXEC) = 3
16:35:42.985627 openat(AT_FDCWD, "/usr/lib/python3/dist-packages/chardet/__pycache__/langbulgarianmodel.cpython-38.pyc", O_RDONLY|O_CLOEXEC) = 3
16:35:42.988002 openat(AT_FDCWD, "/usr/lib/python3/dist-packages/chardet/__pycache__/langthaimodel.cpython-38.pyc", O_RDONLY|O_CLOEXEC) = 3
16:35:42.990439 openat(AT_FDCWD, "/usr/lib/python3/dist-packages/chardet/__pycache__/langhebrewmodel.cpython-38.pyc", O_RDONLY|O_CLOEXEC) = 3
16:35:42.992422 openat(AT_FDCWD, "/usr/lib/python3/dist-packages/chardet/__pycache__/hebrewprober.cpython-38.pyc", O_RDONLY|O_CLOEXEC) = 3
16:35:42.994291 openat(AT_FDCWD, "/usr/lib/python3/dist-packages/chardet/__pycache__/langturkishmodel.cpython-38.pyc", O_RDONLY|O_CLOEXEC) = 3
16:35:42.996651 openat(AT_FDCWD, "/usr/lib/python3/dist-packages/chardet/__pycache__/version.cpython-38.pyc", O_RDONLY|O_CLOEXEC) = 3
16:35:42.998364 openat(AT_FDCWD, "/usr/lib/python3/dist-packages/requests", O_RDONLY|O_NONBLOCK|O_CLOEXEC|O_DIRECTORY) = 3
16:35:42.999656 openat(AT_FDCWD, "/usr/lib/python3/dist-packages/requests/__pycache__/exceptions.cpython-38.pyc", O_RDONLY|O_CLOEXEC) = 3
16:35:43.001879 openat(AT_FDCWD, "/usr/lib/python3/dist-packages/urllib3/contrib/__pycache__/pyopenssl.cpython-38.pyc", O_RDONLY|O_CLOEXEC) = 3
16:35:43.005131 openat(AT_FDCWD, "/usr/lib/python3/dist-packages/OpenSSL/__pycache__/__init__.cpython-38.pyc", O_RDONLY|O_CLOEXEC) = 3
16:35:43.007324 openat(AT_FDCWD, "/usr/lib/python3/dist-packages/OpenSSL", O_RDONLY|O_NONBLOCK|O_CLOEXEC|O_DIRECTORY) = 3
16:35:43.008368 openat(AT_FDCWD, "/usr/lib/python3/dist-packages/OpenSSL/__pycache__/crypto.cpython-38.pyc", O_RDONLY|O_CLOEXEC) = 3
16:35:43.011888 openat(AT_FDCWD, "/usr/lib/python3/dist-packages/cryptography/__pycache__/__init__.cpython-38.pyc", O_RDONLY|O_CLOEXEC) = 3
16:35:43.013719 openat(AT_FDCWD, "/usr/lib/python3/dist-packages/cryptography", O_RDONLY|O_NONBLOCK|O_CLOEXEC|O_DIRECTORY) = 3
16:35:43.014977 openat(AT_FDCWD, "/usr/lib/python3/dist-packages/cryptography/__pycache__/__about__.cpython-38.pyc", O_RDONLY|O_CLOEXEC) = 3
16:35:43.017352 openat(AT_FDCWD, "/usr/lib/python3/dist-packages/cryptography/x509/__pycache__/__init__.cpython-38.pyc", O_RDONLY|O_CLOEXEC) = 3
16:35:43.019222 openat(AT_FDCWD, "/usr/lib/python3/dist-packages/cryptography/x509", O_RDONLY|O_NONBLOCK|O_CLOEXEC|O_DIRECTORY) = 3
16:35:43.020377 openat(AT_FDCWD, "/usr/lib/python3/dist-packages/cryptography/x509/__pycache__/certificate_transparency.cpython-38.pyc", O_RDONLY|O_CLOEXEC) = 3
16:35:43.022470 openat(AT_FDCWD, "/usr/lib/python3/dist-packages/cryptography/x509/__pycache__/base.cpython-38.pyc", O_RDONLY|O_CLOEXEC) = 3
16:35:43.024498 openat(AT_FDCWD, "/usr/lib/python3/dist-packages/cryptography/__pycache__/utils.cpython-38.pyc", O_RDONLY|O_CLOEXEC) = 3
16:35:43.026591 openat(AT_FDCWD, "/usr/lib/python3.8/__pycache__/inspect.cpython-38.pyc", O_RDONLY|O_CLOEXEC) = 3
16:35:43.033060 openat(AT_FDCWD, "/usr/lib/python3.8/__pycache__/dis.cpython-38.pyc", O_RDONLY|O_CLOEXEC) = 3
16:35:43.035088 openat(AT_FDCWD, "/usr/lib/python3.8/__pycache__/opcode.cpython-38.pyc", O_RDONLY|O_CLOEXEC) = 3
16:35:43.037074 openat(AT_FDCWD, "/usr/lib/python3.8/lib-dynload/_opcode.cpython-38-x86_64-linux-gnu.so", O_RDONLY|O_CLOEXEC) = 3
16:35:43.041247 openat(AT_FDCWD, "/usr/lib/python3/dist-packages/cryptography/hazmat/__pycache__/__init__.cpython-38.pyc", O_RDONLY|O_CLOEXEC) = 3
16:35:43.043067 openat(AT_FDCWD, "/usr/lib/python3/dist-packages/cryptography/hazmat", O_RDONLY|O_NONBLOCK|O_CLOEXEC|O_DIRECTORY) = 3
16:35:43.044836 openat(AT_FDCWD, "/usr/lib/python3/dist-packages/cryptography/hazmat/primitives/__pycache__/__init__.cpython-38.pyc", O_RDONLY|O_CLOEXEC) = 3
16:35:43.046727 openat(AT_FDCWD, "/usr/lib/python3/dist-packages/cryptography/hazmat/primitives", O_RDONLY|O_NONBLOCK|O_CLOEXEC|O_DIRECTORY) = 3
16:35:43.048513 openat(AT_FDCWD, "/usr/lib/python3/dist-packages/cryptography/hazmat/primitives/asymmetric/__pycache__/__init__.cpython-38.pyc", O_RDONLY|O_CLOEXEC) = 3
16:35:43.050519 openat(AT_FDCWD, "/usr/lib/python3/dist-packages/cryptography/hazmat/primitives/asymmetric", O_RDONLY|O_NONBLOCK|O_CLOEXEC|O_DIRECTORY) = 3
16:35:43.051757 openat(AT_FDCWD, "/usr/lib/python3/dist-packages/cryptography/hazmat/primitives/asymmetric/__pycache__/dsa.cpython-38.pyc", O_RDONLY|O_CLOEXEC) = 3
16:35:43.054042 openat(AT_FDCWD, "/usr/lib/python3/dist-packages/cryptography/hazmat/primitives/asymmetric/__pycache__/ec.cpython-38.pyc", O_RDONLY|O_CLOEXEC) = 3
16:35:43.056370 openat(AT_FDCWD, "/usr/lib/python3/dist-packages/cryptography/hazmat/__pycache__/_oid.cpython-38.pyc", O_RDONLY|O_CLOEXEC) = 3
16:35:43.059165 openat(AT_FDCWD, "/usr/lib/python3/dist-packages/cryptography/hazmat/primitives/asymmetric/__pycache__/ed25519.cpython-38.pyc", O_RDONLY|O_CLOEXEC) = 3
16:35:43.061143 openat(AT_FDCWD, "/usr/lib/python3/dist-packages/cryptography/__pycache__/exceptions.cpython-38.pyc", O_RDONLY|O_CLOEXEC) = 3
16:35:43.063403 openat(AT_FDCWD, "/usr/lib/python3/dist-packages/cryptography/hazmat/primitives/asymmetric/__pycache__/ed448.cpython-38.pyc", O_RDONLY|O_CLOEXEC) = 3
16:35:43.065504 openat(AT_FDCWD, "/usr/lib/python3/dist-packages/cryptography/hazmat/primitives/asymmetric/__pycache__/rsa.cpython-38.pyc", O_RDONLY|O_CLOEXEC) = 3
16:35:43.068296 openat(AT_FDCWD, "/usr/lib/python3/dist-packages/cryptography/hazmat/backends/__pycache__/__init__.cpython-38.pyc", O_RDONLY|O_CLOEXEC) = 3
16:35:43.070084 openat(AT_FDCWD, "/usr/lib/python3/dist-packages/cryptography/hazmat/backends", O_RDONLY|O_NONBLOCK|O_CLOEXEC|O_DIRECTORY) = 3
16:35:43.071199 openat(AT_FDCWD, "/usr/lib/python3/dist-packages/cryptography/hazmat/backends/__pycache__/interfaces.cpython-38.pyc", O_RDONLY|O_CLOEXEC) = 3
16:35:43.073736 openat(AT_FDCWD, "/usr/lib/python3/dist-packages/cryptography/x509/__pycache__/extensions.cpython-38.pyc", O_RDONLY|O_CLOEXEC) = 3
16:35:43.076316 openat(AT_FDCWD, "/usr/lib/python3.8/__pycache__/ipaddress.cpython-38.pyc", O_RDONLY|O_CLOEXEC) = 3
16:35:43.079195 openat(AT_FDCWD, "/usr/lib/python3/dist-packages/cryptography/hazmat/__pycache__/_der.cpython-38.pyc", O_RDONLY|O_CLOEXEC) = 3
16:35:43.081251 openat(AT_FDCWD, "/usr/lib/python3/dist-packages/cryptography/hazmat/primitives/__pycache__/constant_time.cpython-38.pyc", O_RDONLY|O_CLOEXEC) = 3
16:35:43.083694 openat(AT_FDCWD, "/usr/lib/python3/dist-packages/cryptography/hazmat/bindings/__pycache__/__init__.cpython-38.pyc", O_RDONLY|O_CLOEXEC) = 3
16:35:43.085369 openat(AT_FDCWD, "/usr/lib/python3/dist-packages/cryptography/hazmat/bindings", O_RDONLY|O_NONBLOCK|O_CLOEXEC|O_DIRECTORY) = 3
16:35:43.086152 openat(AT_FDCWD, "/usr/lib/python3/dist-packages/cryptography/hazmat/bindings/_constant_time.abi3.so", O_RDONLY|O_CLOEXEC) = 3
16:35:43.088579 openat(AT_FDCWD, "/usr/lib/python3/dist-packages/_cffi_backend.cpython-38-x86_64-linux-gnu.so", O_RDONLY|O_CLOEXEC) = 3
16:35:43.091457 openat(AT_FDCWD, "/usr/lib/python3/dist-packages/cryptography/hazmat/primitives/serialization/__pycache__/__init__.cpython-38.pyc", O_RDONLY|O_CLOEXEC) = 3
16:35:43.093370 openat(AT_FDCWD, "/usr/lib/python3/dist-packages/cryptography/hazmat/primitives/serialization", O_RDONLY|O_NONBLOCK|O_CLOEXEC|O_DIRECTORY) = 3
16:35:43.094506 openat(AT_FDCWD, "/usr/lib/python3/dist-packages/cryptography/hazmat/primitives/serialization/__pycache__/base.cpython-38.pyc", O_RDONLY|O_CLOEXEC) = 3
16:35:43.097929 openat(AT_FDCWD, "/usr/lib/python3/dist-packages/cryptography/hazmat/primitives/serialization/__pycache__/ssh.cpython-38.pyc", O_RDONLY|O_CLOEXEC) = 3
16:35:43.099965 openat(AT_FDCWD, "/usr/lib/python3/dist-packages/cryptography/x509/__pycache__/general_name.cpython-38.pyc", O_RDONLY|O_CLOEXEC) = 3
16:35:43.101782 openat(AT_FDCWD, "/usr/lib/python3/dist-packages/cryptography/x509/__pycache__/name.cpython-38.pyc", O_RDONLY|O_CLOEXEC) = 3
16:35:43.103713 openat(AT_FDCWD, "/usr/lib/python3/dist-packages/cryptography/x509/__pycache__/oid.cpython-38.pyc", O_RDONLY|O_CLOEXEC) = 3
16:35:43.105698 openat(AT_FDCWD, "/usr/lib/python3/dist-packages/cryptography/hazmat/primitives/__pycache__/hashes.cpython-38.pyc", O_RDONLY|O_CLOEXEC) = 3
16:35:43.111405 openat(AT_FDCWD, "/usr/lib/python3/dist-packages/OpenSSL/__pycache__/_util.cpython-38.pyc", O_RDONLY|O_CLOEXEC) = 3
16:35:43.114335 openat(AT_FDCWD, "/usr/lib/python3/dist-packages/cryptography/hazmat/bindings/openssl/__pycache__/__init__.cpython-38.pyc", O_RDONLY|O_CLOEXEC) = 3
16:35:43.116443 openat(AT_FDCWD, "/usr/lib/python3/dist-packages/cryptography/hazmat/bindings/openssl", O_RDONLY|O_NONBLOCK|O_CLOEXEC|O_DIRECTORY) = 3
16:35:43.117813 openat(AT_FDCWD, "/usr/lib/python3/dist-packages/cryptography/hazmat/bindings/openssl/__pycache__/binding.cpython-38.pyc", O_RDONLY|O_CLOEXEC) = 3
16:35:43.119689 openat(AT_FDCWD, "/usr/lib/python3/dist-packages/cryptography/hazmat/bindings/_openssl.abi3.so", O_RDONLY|O_CLOEXEC) = 3
16:35:43.122242 openat(AT_FDCWD, "/usr/lib/python3/dist-packages/cryptography/hazmat/bindings/openssl/__pycache__/_conditional.cpython-38.pyc", O_RDONLY|O_CLOEXEC) = 3
16:35:43.129640 openat(AT_FDCWD, "/usr/lib/ssl/openssl.cnf", O_RDONLY) = 3
16:35:43.131735 openat(AT_FDCWD, "/usr/lib/x86_64-linux-gnu/engines-1.1/osrandom.so", O_RDONLY|O_CLOEXEC) = -1 ENOENT (No such file or directory)
16:35:43.132933 openat(AT_FDCWD, "/usr/lib/python3/dist-packages/OpenSSL/__pycache__/SSL.cpython-38.pyc", O_RDONLY|O_CLOEXEC) = 3
16:35:43.136113 openat(AT_FDCWD, "/usr/lib/python3/dist-packages/OpenSSL/__pycache__/version.cpython-38.pyc", O_RDONLY|O_CLOEXEC) = 3
16:35:43.138469 openat(AT_FDCWD, "/usr/lib/python3/dist-packages/cryptography/hazmat/backends/openssl/__pycache__/__init__.cpython-38.pyc", O_RDONLY|O_CLOEXEC) = 3
16:35:43.140638 openat(AT_FDCWD, "/usr/lib/python3/dist-packages/cryptography/hazmat/backends/openssl", O_RDONLY|O_NONBLOCK|O_CLOEXEC|O_DIRECTORY) = 3
16:35:43.141862 openat(AT_FDCWD, "/usr/lib/python3/dist-packages/cryptography/hazmat/backends/openssl/__pycache__/backend.cpython-38.pyc", O_RDONLY|O_CLOEXEC) = 3
16:35:43.144647 openat(AT_FDCWD, "/usr/lib/python3/dist-packages/cryptography/hazmat/backends/openssl/__pycache__/aead.cpython-38.pyc", O_RDONLY|O_CLOEXEC) = 3
16:35:43.146626 openat(AT_FDCWD, "/usr/lib/python3/dist-packages/cryptography/hazmat/backends/openssl/__pycache__/ciphers.cpython-38.pyc", O_RDONLY|O_CLOEXEC) = 3
16:35:43.149095 openat(AT_FDCWD, "/usr/lib/python3/dist-packages/cryptography/hazmat/primitives/ciphers/__pycache__/__init__.cpython-38.pyc", O_RDONLY|O_CLOEXEC) = 3
16:35:43.151035 openat(AT_FDCWD, "/usr/lib/python3/dist-packages/cryptography/hazmat/primitives/ciphers", O_RDONLY|O_NONBLOCK|O_CLOEXEC|O_DIRECTORY) = 3
16:35:43.152153 openat(AT_FDCWD, "/usr/lib/python3/dist-packages/cryptography/hazmat/primitives/ciphers/__pycache__/base.cpython-38.pyc", O_RDONLY|O_CLOEXEC) = 3
16:35:43.154096 openat(AT_FDCWD, "/usr/lib/python3/dist-packages/cryptography/hazmat/primitives/ciphers/__pycache__/modes.cpython-38.pyc", O_RDONLY|O_CLOEXEC) = 3
16:35:43.157659 openat(AT_FDCWD, "/usr/lib/python3/dist-packages/cryptography/hazmat/backends/openssl/__pycache__/cmac.cpython-38.pyc", O_RDONLY|O_CLOEXEC) = 3
16:35:43.159719 openat(AT_FDCWD, "/usr/lib/python3/dist-packages/cryptography/hazmat/backends/openssl/__pycache__/decode_asn1.cpython-38.pyc", O_RDONLY|O_CLOEXEC) = 3
16:35:43.165941 openat(AT_FDCWD, "/usr/lib/python3/dist-packages/cryptography/hazmat/backends/openssl/__pycache__/dh.cpython-38.pyc", O_RDONLY|O_CLOEXEC) = 3
16:35:43.168251 openat(AT_FDCWD, "/usr/lib/python3/dist-packages/cryptography/hazmat/primitives/asymmetric/__pycache__/dh.cpython-38.pyc", O_RDONLY|O_CLOEXEC) = 3
16:35:43.171405 openat(AT_FDCWD, "/usr/lib/python3/dist-packages/cryptography/hazmat/backends/openssl/__pycache__/dsa.cpython-38.pyc", O_RDONLY|O_CLOEXEC) = 3
16:35:43.173181 openat(AT_FDCWD, "/usr/lib/python3/dist-packages/cryptography/hazmat/backends/openssl/__pycache__/utils.cpython-38.pyc", O_RDONLY|O_CLOEXEC) = 3
16:35:43.174802 openat(AT_FDCWD, "/usr/lib/python3/dist-packages/cryptography/hazmat/primitives/asymmetric/__pycache__/utils.cpython-38.pyc", O_RDONLY|O_CLOEXEC) = 3
16:35:43.177455 openat(AT_FDCWD, "/usr/lib/python3/dist-packages/cryptography/hazmat/backends/openssl/__pycache__/ec.cpython-38.pyc", O_RDONLY|O_CLOEXEC) = 3
16:35:43.180101 openat(AT_FDCWD, "/usr/lib/python3/dist-packages/cryptography/hazmat/backends/openssl/__pycache__/ed25519.cpython-38.pyc", O_RDONLY|O_CLOEXEC) = 3
16:35:43.182144 openat(AT_FDCWD, "/usr/lib/python3/dist-packages/cryptography/hazmat/backends/openssl/__pycache__/ed448.cpython-38.pyc", O_RDONLY|O_CLOEXEC) = 3
16:35:43.184362 openat(AT_FDCWD, "/usr/lib/python3/dist-packages/cryptography/hazmat/backends/openssl/__pycache__/encode_asn1.cpython-38.pyc", O_RDONLY|O_CLOEXEC) = 3
16:35:43.186383 openat(AT_FDCWD, "/usr/lib/python3/dist-packages/cryptography/hazmat/backends/openssl/__pycache__/hashes.cpython-38.pyc", O_RDONLY|O_CLOEXEC) = 3
16:35:43.188290 openat(AT_FDCWD, "/usr/lib/python3/dist-packages/cryptography/hazmat/backends/openssl/__pycache__/hmac.cpython-38.pyc", O_RDONLY|O_CLOEXEC) = 3
16:35:43.190329 openat(AT_FDCWD, "/usr/lib/python3/dist-packages/cryptography/hazmat/backends/openssl/__pycache__/ocsp.cpython-38.pyc", O_RDONLY|O_CLOEXEC) = 3
16:35:43.192312 openat(AT_FDCWD, "/usr/lib/python3/dist-packages/cryptography/hazmat/backends/openssl/__pycache__/x509.cpython-38.pyc", O_RDONLY|O_CLOEXEC) = 3
16:35:43.195723 openat(AT_FDCWD, "/usr/lib/python3/dist-packages/cryptography/x509/__pycache__/ocsp.cpython-38.pyc", O_RDONLY|O_CLOEXEC) = 3
16:35:43.198469 openat(AT_FDCWD, "/usr/lib/python3/dist-packages/cryptography/hazmat/backends/openssl/__pycache__/poly1305.cpython-38.pyc", O_RDONLY|O_CLOEXEC) = 3
16:35:43.200607 openat(AT_FDCWD, "/usr/lib/python3/dist-packages/cryptography/hazmat/backends/openssl/__pycache__/rsa.cpython-38.pyc", O_RDONLY|O_CLOEXEC) = 3
16:35:43.202647 openat(AT_FDCWD, "/usr/lib/python3/dist-packages/cryptography/hazmat/primitives/asymmetric/__pycache__/padding.cpython-38.pyc", O_RDONLY|O_CLOEXEC) = 3
16:35:43.205585 openat(AT_FDCWD, "/usr/lib/python3/dist-packages/cryptography/hazmat/backends/openssl/__pycache__/x25519.cpython-38.pyc", O_RDONLY|O_CLOEXEC) = 3
16:35:43.207484 openat(AT_FDCWD, "/usr/lib/python3/dist-packages/cryptography/hazmat/primitives/asymmetric/__pycache__/x25519.cpython-38.pyc", O_RDONLY|O_CLOEXEC) = 3
16:35:43.209788 openat(AT_FDCWD, "/usr/lib/python3/dist-packages/cryptography/hazmat/backends/openssl/__pycache__/x448.cpython-38.pyc", O_RDONLY|O_CLOEXEC) = 3
16:35:43.211868 openat(AT_FDCWD, "/usr/lib/python3/dist-packages/cryptography/hazmat/primitives/asymmetric/__pycache__/x448.cpython-38.pyc", O_RDONLY|O_CLOEXEC) = 3
16:35:43.214068 openat(AT_FDCWD, "/usr/lib/python3/dist-packages/cryptography/hazmat/primitives/ciphers/__pycache__/algorithms.cpython-38.pyc", O_RDONLY|O_CLOEXEC) = 3
16:35:43.217755 openat(AT_FDCWD, "/usr/lib/python3/dist-packages/cryptography/hazmat/primitives/kdf/__pycache__/__init__.cpython-38.pyc", O_RDONLY|O_CLOEXEC) = 3
16:35:43.219697 openat(AT_FDCWD, "/usr/lib/python3/dist-packages/cryptography/hazmat/primitives/kdf", O_RDONLY|O_NONBLOCK|O_CLOEXEC|O_DIRECTORY) = 3
16:35:43.220746 openat(AT_FDCWD, "/usr/lib/python3/dist-packages/cryptography/hazmat/primitives/kdf/__pycache__/scrypt.cpython-38.pyc", O_RDONLY|O_CLOEXEC) = 3
16:35:43.227172 openat(AT_FDCWD, "/usr/lib/python3/dist-packages/urllib3/packages/backports/__pycache__/__init__.cpython-38.pyc", O_RDONLY|O_CLOEXEC) = 3
16:35:43.228923 openat(AT_FDCWD, "/usr/lib/python3/dist-packages/urllib3/packages/backports", O_RDONLY|O_NONBLOCK|O_CLOEXEC|O_DIRECTORY) = 3
16:35:43.230065 openat(AT_FDCWD, "/usr/lib/python3/dist-packages/urllib3/packages/backports/__pycache__/makefile.cpython-38.pyc", O_RDONLY|O_CLOEXEC) = 3
16:35:43.232289 openat(AT_FDCWD, "/usr/lib/python3/dist-packages/requests/__pycache__/__version__.cpython-38.pyc", O_RDONLY|O_CLOEXEC) = 3
16:35:43.234127 openat(AT_FDCWD, "/usr/lib/python3/dist-packages/requests/__pycache__/utils.cpython-38.pyc", O_RDONLY|O_CLOEXEC) = 3
16:35:43.236393 openat(AT_FDCWD, "/usr/lib/python3.8/__pycache__/zipfile.cpython-38.pyc", O_RDONLY|O_CLOEXEC) = 3
16:35:43.239171 openat(AT_FDCWD, "/usr/lib/python3/dist-packages/requests/__pycache__/certs.cpython-38.pyc", O_RDONLY|O_CLOEXEC) = 3
16:35:43.242136 openat(AT_FDCWD, "/usr/lib/python3/dist-packages/certifi/__pycache__/__init__.cpython-38.pyc", O_RDONLY|O_CLOEXEC) = 3
16:35:43.244117 openat(AT_FDCWD, "/usr/lib/python3/dist-packages/certifi", O_RDONLY|O_NONBLOCK|O_CLOEXEC|O_DIRECTORY) = 3
16:35:43.245301 openat(AT_FDCWD, "/usr/lib/python3/dist-packages/certifi/__pycache__/core.cpython-38.pyc", O_RDONLY|O_CLOEXEC) = 3
16:35:43.247359 openat(AT_FDCWD, "/usr/lib/python3/dist-packages/requests/__pycache__/_internal_utils.cpython-38.pyc", O_RDONLY|O_CLOEXEC) = 3
16:35:43.249064 openat(AT_FDCWD, "/usr/lib/python3/dist-packages/requests/__pycache__/compat.cpython-38.pyc", O_RDONLY|O_CLOEXEC) = 3
16:35:43.252070 openat(AT_FDCWD, "/usr/lib/python3/dist-packages/simplejson/__pycache__/__init__.cpython-38.pyc", O_RDONLY|O_CLOEXEC) = 3
16:35:43.254498 openat(AT_FDCWD, "/usr/lib/python3.8/__pycache__/decimal.cpython-38.pyc", O_RDONLY|O_CLOEXEC) = 3
16:35:43.256491 openat(AT_FDCWD, "/usr/lib/python3.8/lib-dynload/_decimal.cpython-38-x86_64-linux-gnu.so", O_RDONLY|O_CLOEXEC) = 3
16:35:43.257764 openat(AT_FDCWD, "/etc/ld.so.cache", O_RDONLY|O_CLOEXEC) = 3
16:35:43.258459 openat(AT_FDCWD, "/lib/x86_64-linux-gnu/libmpdec.so.2", O_RDONLY|O_CLOEXEC) = 3
16:35:43.260939 openat(AT_FDCWD, "/usr/lib/python3.8/__pycache__/numbers.cpython-38.pyc", O_RDONLY|O_CLOEXEC) = 3
16:35:43.264129 openat(AT_FDCWD, "/usr/lib/python3/dist-packages/simplejson", O_RDONLY|O_NONBLOCK|O_CLOEXEC|O_DIRECTORY) = 3
16:35:43.265209 openat(AT_FDCWD, "/usr/lib/python3/dist-packages/simplejson/__pycache__/errors.cpython-38.pyc", O_RDONLY|O_CLOEXEC) = 3
16:35:43.267303 openat(AT_FDCWD, "/usr/lib/python3/dist-packages/simplejson/__pycache__/raw_json.cpython-38.pyc", O_RDONLY|O_CLOEXEC) = 3
16:35:43.269298 openat(AT_FDCWD, "/usr/lib/python3/dist-packages/simplejson/__pycache__/decoder.cpython-38.pyc", O_RDONLY|O_CLOEXEC) = 3
16:35:43.271433 openat(AT_FDCWD, "/usr/lib/python3/dist-packages/simplejson/__pycache__/compat.cpython-38.pyc", O_RDONLY|O_CLOEXEC) = 3
16:35:43.273378 openat(AT_FDCWD, "/usr/lib/python3/dist-packages/simplejson/__pycache__/scanner.cpython-38.pyc", O_RDONLY|O_CLOEXEC) = 3
16:35:43.275233 openat(AT_FDCWD, "/usr/lib/python3/dist-packages/simplejson/_speedups.cpython-38-x86_64-linux-gnu.so", O_RDONLY|O_CLOEXEC) = 3
16:35:43.277420 openat(AT_FDCWD, "/usr/lib/python3/dist-packages/simplejson/__pycache__/encoder.cpython-38.pyc", O_RDONLY|O_CLOEXEC) = 3
16:35:43.280057 openat(AT_FDCWD, "/usr/lib/python3.8/http/__pycache__/cookiejar.cpython-38.pyc", O_RDONLY|O_CLOEXEC) = 3
16:35:43.286383 openat(AT_FDCWD, "/usr/lib/python3.8/http/__pycache__/cookies.cpython-38.pyc", O_RDONLY|O_CLOEXEC) = 3
16:35:43.290058 openat(AT_FDCWD, "/usr/lib/python3/dist-packages/requests/__pycache__/cookies.cpython-38.pyc", O_RDONLY|O_CLOEXEC) = 3
16:35:43.292295 openat(AT_FDCWD, "/usr/lib/python3/dist-packages/requests/__pycache__/structures.cpython-38.pyc", O_RDONLY|O_CLOEXEC) = 3
16:35:43.294606 openat(AT_FDCWD, "/usr/lib/python3/dist-packages/requests/__pycache__/packages.cpython-38.pyc", O_RDONLY|O_CLOEXEC) = 3
